0 silly argv {
0 silly argv   _: [ 'version' ],
0 silly argv   yes: true,
0 silly argv   y: true,
0 silly argv   lernaVersion: '8.2.1',
0 silly argv   '$0': '/Users/victor/projects/svg-charts/ui-kit/node_modules/.bin/lerna'
0 silly argv }
1 notice cli v8.2.1
2 verbose packageConfigs Resolving packages based on package.json "workspaces" configuration.
3 verbose rootPath /Users/victor/projects/svg-charts/ui-kit
4 info versioning independent
5 silly isAnythingCommitted
6 verbose isAnythingCommitted 1
7 silly getCurrentBranch
8 verbose currentBranch master
9 silly remoteBranchExists
10 silly isBehindUpstream
11 silly isBehindUpstream master is behind origin/master by 0 commit(s) and ahead by 1
12 silly hasTags
13 verbose hasTags true
14 silly git-describe.sync "ae4c6e5" => {"refCount":"3","sha":"ae4c6e5","isDirty":false}
15 info Assuming all packages changed
16 verbose updated @vik-mol/button
17 verbose git-describe undefined => "ae4c6e5"
18 silly git-describe parsed => {"refCount":"3","sha":"ae4c6e5","isDirty":false}
19 silly independent for @vik-mol/button at /Users/victor/projects/svg-charts/ui-kit/packages/components/button
20 verbose getChangelogConfig using preset "conventional-changelog-angular"
21 silly npa Result {
21 silly npa   type: 'range',
21 silly npa   registry: true,
21 silly npa   where: undefined,
21 silly npa   raw: 'conventional-changelog-angular',
21 silly npa   name: 'conventional-changelog-angular',
21 silly npa   escapedName: 'conventional-changelog-angular',
21 silly npa   scope: undefined,
21 silly npa   rawSpec: '*',
21 silly npa   saveSpec: null,
21 silly npa   fetchSpec: '*',
21 silly npa   gitRange: undefined,
21 silly npa   gitCommittish: undefined,
21 silly npa   gitSubdir: undefined,
21 silly npa   hosted: undefined
21 silly npa }
22 verbose getChangelogConfig Attempting to resolve preset "conventional-changelog-angular"
23 info getChangelogConfig Successfully resolved preset "conventional-changelog-angular"
24 verbose independent increment 0.0.0 by minor
25 info auto-confirmed
26 info execute Skipping releases
27 warn lifecycle Skipping root "preversion" because it has already been called
28 silly lifecycle No script for "preversion" in "@vik-mol/button", continuing
29 verbose version @vik-mol/button has no lockfile. Skipping lockfile update.
30 silly lifecycle No script for "version" in "@vik-mol/button", continuing
31 silly independent for @vik-mol/button at /Users/victor/projects/svg-charts/ui-kit/packages/components/button
32 silly independent writing new entry: "# 0.1.0 (2025-03-23)\n\n\n### Features\n\n* **@vik-mol/button:** add component  ([58c8af6](https://github.com/vik-mol/ui-kit/commit/58c8af66f77b6a7153618d90b1f6e25518c743e6))\n\n\n\n"
33 verbose independent wrote /Users/victor/projects/svg-charts/ui-kit/packages/components/button/CHANGELOG.md
34 warn lifecycle Skipping root "version" because it has already been called
35 verbose version Updating root package-lock.json
36 silly gitAdd [
36 silly gitAdd   'packages/components/button/package.json',
36 silly gitAdd   'packages/components/button/CHANGELOG.md',
36 silly gitAdd   'package-lock.json'
36 silly gitAdd ]
37 silly gitCommit chore: release
37 silly gitCommit
37 silly gitCommit  - @vik-mol/button@0.1.0
38 verbose git [
38 verbose git   'commit',
38 verbose git   '-F',
38 verbose git   '/private/var/folders/y1/71h65rl96t1668tmn8b984qc0000gn/T/4ee90e6f-7d18-4ccd-b6ce-bef83557850e/lerna-commit.txt'
38 verbose git ]
39 silly gitTag @vik-mol/button@0.1.0 git tag %s -m %s
40 verbose git [ 'tag', '@vik-mol/button@0.1.0', '-m', '@vik-mol/button@0.1.0' ]
41 error Error: Command failed with exit code 128: git tag @vik-mol/button@0.1.0 -m @vik-mol/button@0.1.0
41 error fatal: tag '@vik-mol/button@0.1.0' already exists
41 error     at makeError (/Users/victor/projects/svg-charts/ui-kit/node_modules/execa/lib/error.js:59:11)
41 error     at handlePromise (/Users/victor/projects/svg-charts/ui-kit/node_modules/execa/index.js:114:26)
41 error     at process.processTicksAndRejections (node:internal/process/task_queues:105:5)
41 error     at async Promise.all (index 0)
41 error     at async VersionCommand.gitCommitAndTagVersionForUpdates (/Users/victor/projects/svg-charts/ui-kit/node_modules/lerna/dist/index.js:9959:11)
41 error     at async VersionCommand.commitAndTagUpdates (/Users/victor/projects/svg-charts/ui-kit/node_modules/lerna/dist/index.js:9935:18)
41 error     at async Promise.all (index 0)
